Unity Editor version:    2021.3.1f1 (3b70a0754835)
Branch:                  2021.3/staging
Build type:              Release
Batch mode:              YES
macOS version:           Version 12.3.1 (Build 21E258)
Darwin version:          21.4.0
Architecture:            x86_64
Running under Rosetta:   NO
Available memory:        16384 MB
Using pre-set license
Pro License: YES

COMMAND LINE ARGUMENTS:
/Applications/Unity/Hub/Editor/2021.3.1f1/Unity.app/Contents/MacOS/Unity
-adb2
-batchMode
-noUpm
-name
AssetImportWorker4
-projectPath
/Users/felg/Library/Mobile Documents/com~apple~CloudDocs/UMN MSDR/UMNVR/Photogrammetry Demo
-logFile
Logs/AssetImportWorker4.log
-srvPort
49355
Successfully changed project path to: /Users/felg/Library/Mobile Documents/com~apple~CloudDocs/UMN MSDR/UMNVR/Photogrammetry Demo
/Users/felg/Library/Mobile Documents/com~apple~CloudDocs/UMN MSDR/UMNVR/Photogrammetry Demo
[UnityMemory] Configuration Parameters - Can be set up in boot.config
    "memorysetup-bucket-allocator-granularity=16"
    "memorysetup-bucket-allocator-bucket-count=8"
    "memorysetup-bucket-allocator-block-size=33554432"
    "memorysetup-bucket-allocator-block-count=8"
    "memorysetup-main-allocator-block-size=16777216"
    "memorysetup-thread-allocator-block-size=16777216"
    "memorysetup-gfx-main-allocator-block-size=16777216"
    "memorysetup-gfx-thread-allocator-block-size=16777216"
    "memorysetup-cache-allocator-block-size=4194304"
    "memorysetup-typetree-allocator-block-size=2097152"
    "memorysetup-profiler-bucket-allocator-granularity=16"
    "memorysetup-profiler-bucket-allocator-bucket-count=8"
    "memorysetup-profiler-bucket-allocator-block-size=33554432"
    "memorysetup-profiler-bucket-allocator-block-count=8"
    "memorysetup-profiler-allocator-block-size=16777216"
    "memorysetup-profiler-editor-allocator-block-size=1048576"
    "memorysetup-temp-allocator-size-main=16777216"
    "memorysetup-job-temp-allocator-block-size=2097152"
    "memorysetup-job-temp-allocator-block-size-background=1048576"
    "memorysetup-job-temp-allocator-reduction-small-platforms=262144"
    "memorysetup-temp-allocator-size-background-worker=32768"
    "memorysetup-temp-allocator-size-job-worker=262144"
    "memorysetup-temp-allocator-size-preload-manager=33554432"
    "memorysetup-temp-allocator-size-nav-mesh-worker=65536"
    "memorysetup-temp-allocator-size-audio-worker=65536"
    "memorysetup-temp-allocator-size-cloud-worker=32768"
    "memorysetup-temp-allocator-size-gi-baking-worker=262144"
    "memorysetup-temp-allocator-size-gfx=262144"
Refreshing native plugins compatible for Editor in 259.37 ms, found 3 plugins.
Preloading 1 native plugins for Editor in 14.04 ms.
Initialize engine version: 2021.3.1f1 (3b70a0754835)
[Subsystems] Discovering subsystems at path /Applications/Unity/Hub/Editor/2021.3.1f1/Unity.app/Contents/Resources/UnitySubsystems
[Subsystems] Discovering subsystems at path /Users/felg/Library/Mobile Documents/com~apple~CloudDocs/UMN MSDR/UMNVR/Photogrammetry Demo/Assets
GfxDevice: creating device client; threaded=0; jobified=0
LG HDR 4K preferred device: AMD Radeon Pro 5300M (high power)
Metal devices available: 2
0: AMD Radeon Pro 5300M (high power)
1: Intel(R) UHD Graphics 630 (low power)
Using device AMD Radeon Pro 5300M (high power)
Initializing Metal device caps: AMD Radeon Pro 5300M
Initialize mono
Mono path[0] = '/Applications/Unity/Hub/Editor/2021.3.1f1/Unity.app/Contents/Managed'
Mono path[1] = '/Applications/Unity/Hub/Editor/2021.3.1f1/Unity.app/Contents/MonoBleedingEdge/lib/mono/unityjit-macos'
Mono config path = '/Applications/Unity/Hub/Editor/2021.3.1f1/Unity.app/Contents/MonoBleedingEdge/etc'
Using monoOptions --debugger-agent=transport=dt_socket,embedding=1,server=y,suspend=n,address=127.0.0.1:56048
Begin MonoManager ReloadAssembly
Registering precompiled unity dll's ...
Register platform support module: /Applications/Unity/Hub/Editor/2021.3.1f1/Unity.app/Contents/PlaybackEngines/MacStandaloneSupport/UnityEditor.OSXStandalone.Extensions.dll
Register platform support module: /Applications/Unity/Hub/Editor/2021.3.1f1/PlaybackEngines/AndroidPlayer/UnityEditor.Android.Extensions.dll
Registered in 0.001989 seconds.
Native extension for Android target not found
WARNING: RGBA Compressed ASTC6X6 sRGB format is not supported, decompressing texture
Native extension for OSXStandalone target not found
Refreshing native plugins compatible for Editor in 216.63 ms, found 3 plugins.
Preloading 1 native plugins for Editor in 0.50 ms.
Mono: successfully reloaded assembly
- Completed reload, in  1.539 seconds
Domain Reload Profiling:
	ReloadAssembly (1540ms)
		BeginReloadAssembly (126ms)
			ExecutionOrderSort (0ms)
			DisableScriptedObjects (0ms)
			BackupInstance (0ms)
			ReleaseScriptingObjects (0ms)
			CreateAndSetChildDomain (2ms)
		EndReloadAssembly (1151ms)
			LoadAssemblies (125ms)
			RebuildTransferFunctionScriptingTraits (0ms)
			SetupTypeCache (257ms)
			ReleaseScriptCaches (0ms)
			RebuildScriptCaches (71ms)
			SetupLoadedEditorAssemblies (714ms)
				LogAssemblyErrors (0ms)
				InitializePlatformSupportModulesInManaged (152ms)
				SetLoadedEditorAssemblies (5ms)
				RefreshPlugins (217ms)
				BeforeProcessingInitializeOnLoad (3ms)
				ProcessInitializeOnLoadAttributes (233ms)
				ProcessInitializeOnLoadMethodAttributes (105ms)
				AfterProcessingInitializeOnLoad (0ms)
				EditorAssembliesLoaded (0ms)
			ExecutionOrderSort2 (0ms)
			AwakeInstancesAfterBackupRestoration (0ms)
Platform modules already initialized, skipping
Registering precompiled user dll's ...
Registered in 0.011607 seconds.
Begin MonoManager ReloadAssembly
Symbol file LoadedFromMemory doesn't match image /Users/felg/Library/Mobile Documents/com~apple~CloudDocs/UMN MSDR/UMNVR/Photogrammetry Demo/Library/PackageCache/com.unity.visualscripting@1.7.6/Editor/VisualScripting.Core/Dependencies/DotNetZip/Unity.VisualScripting.IonicZip.dll
Symbol file LoadedFromMemory doesn't match image /Users/felg/Library/Mobile Documents/com~apple~CloudDocs/UMN MSDR/UMNVR/Photogrammetry Demo/Library/PackageCache/com.unity.visualscripting@1.7.6/Editor/VisualScripting.Core/Dependencies/YamlDotNet/Unity.VisualScripting.YamlDotNet.dll
Symbol file LoadedFromMemory is not a mono symbol file
Native extension for Android target not found
Native extension for OSXStandalone target not found
Refreshing native plugins compatible for Editor in 151.96 ms, found 3 plugins.
Preloading 1 native plugins for Editor in 0.51 ms.
Package Manager log level set to [2]
Mono: successfully reloaded assembly
- Completed reload, in  2.545 seconds
Domain Reload Profiling:
	ReloadAssembly (2547ms)
		BeginReloadAssembly (349ms)
			ExecutionOrderSort (0ms)
			DisableScriptedObjects (16ms)
			BackupInstance (0ms)
			ReleaseScriptingObjects (1ms)
			CreateAndSetChildDomain (160ms)
		EndReloadAssembly (1933ms)
			LoadAssemblies (183ms)
			RebuildTransferFunctionScriptingTraits (0ms)
			SetupTypeCache (540ms)
			ReleaseScriptCaches (9ms)
			RebuildScriptCaches (134ms)
			SetupLoadedEditorAssemblies (945ms)
				LogAssemblyErrors (0ms)
				InitializePlatformSupportModulesInManaged (23ms)
				SetLoadedEditorAssemblies (0ms)
				RefreshPlugins (153ms)
				BeforeProcessingInitializeOnLoad (149ms)
				ProcessInitializeOnLoadAttributes (573ms)
				ProcessInitializeOnLoadMethodAttributes (45ms)
				AfterProcessingInitializeOnLoad (2ms)
				EditorAssembliesLoaded (0ms)
			ExecutionOrderSort2 (0ms)
			AwakeInstancesAfterBackupRestoration (8ms)
Platform modules already initialized, skipping
========================================================================
Worker process is ready to serve import requests
Launching external process: /Applications/Unity/Hub/Editor/2021.3.1f1/Unity.app/Contents/Tools/UnityShaderCompiler
Launched and connected shader compiler UnityShaderCompiler after 0.13 seconds
Refreshing native plugins compatible for Editor in 1.09 ms, found 3 plugins.
Preloading 1 native plugins for Editor in 0.48 ms.
Unloading 3955 Unused Serialized files (Serialized files now loaded: 0)
Unloading 42 unused Assets / (45.2 KB). Loaded Objects now: 4405.
Memory consumption went from 281.0 MB to 281.0 MB.
Total: 6.856609 ms (FindLiveObjects: 0.463869 ms CreateObjectMapping: 0.458145 ms MarkObjects: 5.756779 ms  DeleteObjects: 0.175641 ms)

AssetImportParameters requested are different than current active one (requested -> active):
  custom:video-decoder-ogg-theora: a1e56fd34408186e4bbccfd4996cb3dc -> 
  custom:container-muxer-webm: aa71ff27fc2769a1b78a27578f13a17b -> 
  custom:container-demuxer-webm: 4f35f7cbe854078d1ac9338744f61a02 -> 
  custom:video-encoder-webm-vp8: eb34c28f22e8b96e1ab97ce403110664 -> 
  custom:framework-osx-AVFoundation: e770b220cccbd017edd2c1fefb359320 -> 
  custom:audio-encoder-webm-vorbis: bf7c407c2cedff20999df2af8eb42d56 -> 
  custom:container-demuxer-ogg: 62fdf1f143b41e24485cea50d1cbac27 -> 
  custom:video-decoder-webm-vp8: 9c59270c3fd7afecdb556c50c9e8de78 -> 
  custom:audio-decoder-ogg-vorbis: bf7c407c2cedff20999df2af8eb42d56 -> 
========================================================================
Received Import Request.
  Time since last request: 1942.996946 seconds.
  path: Assets/Objects/Robot Hand-poly/textured.obj
  artifactKey: Guid(349890f10ac09481a8a9ac3fc58fbf1f) Importer(815301076,1909f56bfc062723c751e8b465ee728b)
Start importing Assets/Objects/Robot Hand-poly/textured.obj using Guid(349890f10ac09481a8a9ac3fc58fbf1f) Importer(815301076,1909f56bfc062723c751e8b465ee728b) WARNING: RGBA Compressed ASTC6X6 sRGB format is not supported, decompressing texture
 -> (artifact id: '0fa831179f51cfe0bbbf892e6cd18293') in 0.754743 seconds 
========================================================================
Received Import Request.
  Time since last request: 362.410306 seconds.
  path: Assets/Objects/Goldy-poly/textured.obj
  artifactKey: Guid(a465ab3b76b1642e8a01a5d9b6b2f0ea) Importer(815301076,1909f56bfc062723c751e8b465ee728b)
Start importing Assets/Objects/Goldy-poly/textured.obj using Guid(a465ab3b76b1642e8a01a5d9b6b2f0ea) Importer(815301076,1909f56bfc062723c751e8b465ee728b) WARNING: RGBA Compressed ASTC6X6 sRGB format is not supported, decompressing texture
 -> (artifact id: '5c4b4c50b6f618d606bebcd6628131e2') in 0.109223 seconds 
========================================================================
Received Import Request.
  Time since last request: 0.006683 seconds.
  path: Assets/Objects/Goldy-poly/textured_0_occl_4KDEm78e.jpg
  artifactKey: Guid(6f10cc28b7d4e43ce9212e226894fa47) Importer(815301076,1909f56bfc062723c751e8b465ee728b)
Start importing Assets/Objects/Goldy-poly/textured_0_occl_4KDEm78e.jpg using Guid(6f10cc28b7d4e43ce9212e226894fa47) Importer(815301076,1909f56bfc062723c751e8b465ee728b) WARNING: RGBA Compressed ASTC6X6 sRGB format is not supported, decompressing texture
 -> (artifact id: '4e565fbfb2b6de03a1145df739be2620') in 0.179849 seconds 
========================================================================
Received Import Request.
  Time since last request: 8.683145 seconds.
  path: Assets/Objects/Quest 2 #16-poly/textured.obj
  artifactKey: Guid(1aa9b71d31a9c42cf9b2e73a722fed47) Importer(815301076,1909f56bfc062723c751e8b465ee728b)
Start importing Assets/Objects/Quest 2 #16-poly/textured.obj using Guid(1aa9b71d31a9c42cf9b2e73a722fed47) Importer(815301076,1909f56bfc062723c751e8b465ee728b) WARNING: RGBA Compressed ASTC6X6 sRGB format is not supported, decompressing texture
 -> (artifact id: 'dd9c3dcf70234d7d66338e345b50c047') in 0.113503 seconds 
========================================================================
Received Import Request.
  Time since last request: 0.004622 seconds.
  path: Assets/Objects/Quest 2 #16-poly/textured_0_occl_QqMLcpqo.jpg
  artifactKey: Guid(598ea4bf65c094b2a955fdd058682179) Importer(815301076,1909f56bfc062723c751e8b465ee728b)
Start importing Assets/Objects/Quest 2 #16-poly/textured_0_occl_QqMLcpqo.jpg using Guid(598ea4bf65c094b2a955fdd058682179) Importer(815301076,1909f56bfc062723c751e8b465ee728b) WARNING: RGBA Compressed ASTC6X6 sRGB format is not supported, decompressing texture
 -> (artifact id: 'a2ba837b24666886ce0123e72362dee7') in 0.073443 seconds 
Editor requested this worker to shutdown with reason: Scaling down because of idle timeout
AssetImportWorker is now disconnected from the server
Process exiting
