Unity Editor version:    2021.3.1f1 (3b70a0754835)
Branch:                  2021.3/staging
Build type:              Release
Batch mode:              YES
macOS version:           Version 12.3.1 (Build 21E258)
Darwin version:          21.4.0
Architecture:            x86_64
Running under Rosetta:   NO
Available memory:        16384 MB
Using pre-set license
Pro License: YES

COMMAND LINE ARGUMENTS:
/Applications/Unity/Hub/Editor/2021.3.1f1/Unity.app/Contents/MacOS/Unity
-adb2
-batchMode
-noUpm
-name
AssetImportWorker0
-projectPath
/Users/felg/Library/Mobile Documents/com~apple~CloudDocs/UMN MSDR/UMNVR/Photogrammetry Demo
-logFile
Logs/AssetImportWorker0.log
-srvPort
49355
Successfully changed project path to: /Users/felg/Library/Mobile Documents/com~apple~CloudDocs/UMN MSDR/UMNVR/Photogrammetry Demo
/Users/felg/Library/Mobile Documents/com~apple~CloudDocs/UMN MSDR/UMNVR/Photogrammetry Demo
[UnityMemory] Configuration Parameters - Can be set up in boot.config
    "memorysetup-bucket-allocator-granularity=16"
    "memorysetup-bucket-allocator-bucket-count=8"
    "memorysetup-bucket-allocator-block-size=33554432"
    "memorysetup-bucket-allocator-block-count=8"
    "memorysetup-main-allocator-block-size=16777216"
    "memorysetup-thread-allocator-block-size=16777216"
    "memorysetup-gfx-main-allocator-block-size=16777216"
    "memorysetup-gfx-thread-allocator-block-size=16777216"
    "memorysetup-cache-allocator-block-size=4194304"
    "memorysetup-typetree-allocator-block-size=2097152"
    "memorysetup-profiler-bucket-allocator-granularity=16"
    "memorysetup-profiler-bucket-allocator-bucket-count=8"
    "memorysetup-profiler-bucket-allocator-block-size=33554432"
    "memorysetup-profiler-bucket-allocator-block-count=8"
    "memorysetup-profiler-allocator-block-size=16777216"
    "memorysetup-profiler-editor-allocator-block-size=1048576"
    "memorysetup-temp-allocator-size-main=16777216"
    "memorysetup-job-temp-allocator-block-size=2097152"
    "memorysetup-job-temp-allocator-block-size-background=1048576"
    "memorysetup-job-temp-allocator-reduction-small-platforms=262144"
    "memorysetup-temp-allocator-size-background-worker=32768"
    "memorysetup-temp-allocator-size-job-worker=262144"
    "memorysetup-temp-allocator-size-preload-manager=33554432"
    "memorysetup-temp-allocator-size-nav-mesh-worker=65536"
    "memorysetup-temp-allocator-size-audio-worker=65536"
    "memorysetup-temp-allocator-size-cloud-worker=32768"
    "memorysetup-temp-allocator-size-gi-baking-worker=262144"
    "memorysetup-temp-allocator-size-gfx=262144"
Refreshing native plugins compatible for Editor in 113.46 ms, found 3 plugins.
Preloading 1 native plugins for Editor in 7.30 ms.
Initialize engine version: 2021.3.1f1 (3b70a0754835)
[Subsystems] Discovering subsystems at path /Applications/Unity/Hub/Editor/2021.3.1f1/Unity.app/Contents/Resources/UnitySubsystems
[Subsystems] Discovering subsystems at path /Users/felg/Library/Mobile Documents/com~apple~CloudDocs/UMN MSDR/UMNVR/Photogrammetry Demo/Assets
GfxDevice: creating device client; threaded=0; jobified=0
LG HDR 4K preferred device: AMD Radeon Pro 5300M (high power)
Metal devices available: 2
0: AMD Radeon Pro 5300M (high power)
1: Intel(R) UHD Graphics 630 (low power)
Using device AMD Radeon Pro 5300M (high power)
Initializing Metal device caps: AMD Radeon Pro 5300M
Initialize mono
Mono path[0] = '/Applications/Unity/Hub/Editor/2021.3.1f1/Unity.app/Contents/Managed'
Mono path[1] = '/Applications/Unity/Hub/Editor/2021.3.1f1/Unity.app/Contents/MonoBleedingEdge/lib/mono/unityjit-macos'
Mono config path = '/Applications/Unity/Hub/Editor/2021.3.1f1/Unity.app/Contents/MonoBleedingEdge/etc'
Using monoOptions --debugger-agent=transport=dt_socket,embedding=1,server=y,suspend=n,address=127.0.0.1:56082
Begin MonoManager ReloadAssembly
Registering precompiled unity dll's ...
Register platform support module: /Applications/Unity/Hub/Editor/2021.3.1f1/Unity.app/Contents/PlaybackEngines/MacStandaloneSupport/UnityEditor.OSXStandalone.Extensions.dll
Register platform support module: /Applications/Unity/Hub/Editor/2021.3.1f1/PlaybackEngines/AndroidPlayer/UnityEditor.Android.Extensions.dll
Registered in 0.000752 seconds.
Native extension for Android target not found
WARNING: RGBA Compressed ASTC6X6 sRGB format is not supported, decompressing texture
Native extension for OSXStandalone target not found
Refreshing native plugins compatible for Editor in 88.39 ms, found 3 plugins.
Preloading 1 native plugins for Editor in 0.29 ms.
Mono: successfully reloaded assembly
- Completed reload, in  0.959 seconds
Domain Reload Profiling:
	ReloadAssembly (960ms)
		BeginReloadAssembly (157ms)
			ExecutionOrderSort (0ms)
			DisableScriptedObjects (0ms)
			BackupInstance (0ms)
			ReleaseScriptingObjects (0ms)
			CreateAndSetChildDomain (1ms)
		EndReloadAssembly (656ms)
			LoadAssemblies (158ms)
			RebuildTransferFunctionScriptingTraits (0ms)
			SetupTypeCache (184ms)
			ReleaseScriptCaches (0ms)
			RebuildScriptCaches (47ms)
			SetupLoadedEditorAssemblies (351ms)
				LogAssemblyErrors (0ms)
				InitializePlatformSupportModulesInManaged (93ms)
				SetLoadedEditorAssemblies (0ms)
				RefreshPlugins (89ms)
				BeforeProcessingInitializeOnLoad (1ms)
				ProcessInitializeOnLoadAttributes (110ms)
				ProcessInitializeOnLoadMethodAttributes (58ms)
				AfterProcessingInitializeOnLoad (0ms)
				EditorAssembliesLoaded (0ms)
			ExecutionOrderSort2 (0ms)
			AwakeInstancesAfterBackupRestoration (0ms)
Platform modules already initialized, skipping
Registering precompiled user dll's ...
Registered in 0.011887 seconds.
Begin MonoManager ReloadAssembly
Symbol file LoadedFromMemory doesn't match image /Users/felg/Library/Mobile Documents/com~apple~CloudDocs/UMN MSDR/UMNVR/Photogrammetry Demo/Library/PackageCache/com.unity.visualscripting@1.7.6/Editor/VisualScripting.Core/Dependencies/DotNetZip/Unity.VisualScripting.IonicZip.dll
Symbol file LoadedFromMemory doesn't match image /Users/felg/Library/Mobile Documents/com~apple~CloudDocs/UMN MSDR/UMNVR/Photogrammetry Demo/Library/PackageCache/com.unity.visualscripting@1.7.6/Editor/VisualScripting.Core/Dependencies/YamlDotNet/Unity.VisualScripting.YamlDotNet.dll
Symbol file LoadedFromMemory is not a mono symbol file
Native extension for Android target not found
Native extension for OSXStandalone target not found
Refreshing native plugins compatible for Editor in 116.75 ms, found 3 plugins.
Preloading 1 native plugins for Editor in 0.28 ms.
Package Manager log level set to [2]
Mono: successfully reloaded assembly
- Completed reload, in  1.623 seconds
Domain Reload Profiling:
	ReloadAssembly (1624ms)
		BeginReloadAssembly (256ms)
			ExecutionOrderSort (0ms)
			DisableScriptedObjects (11ms)
			BackupInstance (0ms)
			ReleaseScriptingObjects (0ms)
			CreateAndSetChildDomain (143ms)
		EndReloadAssembly (1228ms)
			LoadAssemblies (141ms)
			RebuildTransferFunctionScriptingTraits (0ms)
			SetupTypeCache (319ms)
			ReleaseScriptCaches (5ms)
			RebuildScriptCaches (79ms)
			SetupLoadedEditorAssemblies (616ms)
				LogAssemblyErrors (0ms)
				InitializePlatformSupportModulesInManaged (19ms)
				SetLoadedEditorAssemblies (0ms)
				RefreshPlugins (117ms)
				BeforeProcessingInitializeOnLoad (98ms)
				ProcessInitializeOnLoadAttributes (347ms)
				ProcessInitializeOnLoadMethodAttributes (32ms)
				AfterProcessingInitializeOnLoad (2ms)
				EditorAssembliesLoaded (0ms)
			ExecutionOrderSort2 (0ms)
			AwakeInstancesAfterBackupRestoration (6ms)
Platform modules already initialized, skipping
========================================================================
Worker process is ready to serve import requests
Launching external process: /Applications/Unity/Hub/Editor/2021.3.1f1/Unity.app/Contents/Tools/UnityShaderCompiler
Launched and connected shader compiler UnityShaderCompiler after 0.07 seconds
Refreshing native plugins compatible for Editor in 0.78 ms, found 3 plugins.
Preloading 1 native plugins for Editor in 0.31 ms.
Unloading 3955 Unused Serialized files (Serialized files now loaded: 0)
Unloading 42 unused Assets / (45.2 KB). Loaded Objects now: 4405.
Memory consumption went from 280.9 MB to 280.9 MB.
Total: 4.572072 ms (FindLiveObjects: 0.376844 ms CreateObjectMapping: 0.299852 ms MarkObjects: 3.791201 ms  DeleteObjects: 0.103178 ms)

AssetImportParameters requested are different than current active one (requested -> active):
  custom:video-decoder-ogg-theora: a1e56fd34408186e4bbccfd4996cb3dc -> 
  custom:container-muxer-webm: aa71ff27fc2769a1b78a27578f13a17b -> 
  custom:container-demuxer-webm: 4f35f7cbe854078d1ac9338744f61a02 -> 
  custom:video-encoder-webm-vp8: eb34c28f22e8b96e1ab97ce403110664 -> 
  custom:framework-osx-AVFoundation: e770b220cccbd017edd2c1fefb359320 -> 
  custom:audio-encoder-webm-vorbis: bf7c407c2cedff20999df2af8eb42d56 -> 
  custom:container-demuxer-ogg: 62fdf1f143b41e24485cea50d1cbac27 -> 
  custom:video-decoder-webm-vp8: 9c59270c3fd7afecdb556c50c9e8de78 -> 
  custom:audio-decoder-ogg-vorbis: bf7c407c2cedff20999df2af8eb42d56 -> 
========================================================================
Received Import Request.
  Time since last request: 1199.716611 seconds.
  path: Assets/Objects/Bob360 -poly/textured_0_hLRup7H5.jpg
  artifactKey: Guid(1aafa4011693c4597a6b9e2e034fb73e) Importer(815301076,1909f56bfc062723c751e8b465ee728b)
Start importing Assets/Objects/Bob360 -poly/textured_0_hLRup7H5.jpg using Guid(1aafa4011693c4597a6b9e2e034fb73e) Importer(815301076,1909f56bfc062723c751e8b465ee728b) WARNING: RGBA Compressed ASTC6X6 sRGB format is not supported, decompressing texture
 -> (artifact id: 'e18c01e1eb9d7da08d7a21d76a37c8f3') in 2.914475 seconds 
========================================================================
Received Import Request.
  Time since last request: 0.000241 seconds.
  path: Assets/Objects/Bob360 -poly/textured_0_roughness_hLRup7H5.jpg
  artifactKey: Guid(c63474d0653704c43b0943f5dab5b7f1) Importer(815301076,1909f56bfc062723c751e8b465ee728b)
Start importing Assets/Objects/Bob360 -poly/textured_0_roughness_hLRup7H5.jpg using Guid(c63474d0653704c43b0943f5dab5b7f1) Importer(815301076,1909f56bfc062723c751e8b465ee728b) WARNING: RGBA Compressed ASTC6X6 sRGB format is not supported, decompressing texture
 -> (artifact id: '44a177e9871d907c2c6aed671e8807b8') in 0.091690 seconds 
Editor requested this worker to shutdown with reason: Scaling down because of idle timeout
AssetImportWorker is now disconnected from the server
Process exiting
