Unity Editor version:    2021.3.1f1 (3b70a0754835)
Branch:                  2021.3/staging
Build type:              Release
Batch mode:              YES
macOS version:           Version 12.3.1 (Build 21E258)
Darwin version:          21.4.0
Architecture:            x86_64
Running under Rosetta:   NO
Available memory:        16384 MB
Using pre-set license
Pro License: YES

COMMAND LINE ARGUMENTS:
/Applications/Unity/Hub/Editor/2021.3.1f1/Unity.app/Contents/MacOS/Unity
-adb2
-batchMode
-noUpm
-name
AssetImportWorker1
-projectPath
/Users/felg/Library/Mobile Documents/com~apple~CloudDocs/UMN MSDR/UMNVR/Photogrammetry Demo
-logFile
Logs/AssetImportWorker1.log
-srvPort
49355
Successfully changed project path to: /Users/felg/Library/Mobile Documents/com~apple~CloudDocs/UMN MSDR/UMNVR/Photogrammetry Demo
/Users/felg/Library/Mobile Documents/com~apple~CloudDocs/UMN MSDR/UMNVR/Photogrammetry Demo
[UnityMemory] Configuration Parameters - Can be set up in boot.config
    "memorysetup-bucket-allocator-granularity=16"
    "memorysetup-bucket-allocator-bucket-count=8"
    "memorysetup-bucket-allocator-block-size=33554432"
    "memorysetup-bucket-allocator-block-count=8"
    "memorysetup-main-allocator-block-size=16777216"
    "memorysetup-thread-allocator-block-size=16777216"
    "memorysetup-gfx-main-allocator-block-size=16777216"
    "memorysetup-gfx-thread-allocator-block-size=16777216"
    "memorysetup-cache-allocator-block-size=4194304"
    "memorysetup-typetree-allocator-block-size=2097152"
    "memorysetup-profiler-bucket-allocator-granularity=16"
    "memorysetup-profiler-bucket-allocator-bucket-count=8"
    "memorysetup-profiler-bucket-allocator-block-size=33554432"
    "memorysetup-profiler-bucket-allocator-block-count=8"
    "memorysetup-profiler-allocator-block-size=16777216"
    "memorysetup-profiler-editor-allocator-block-size=1048576"
    "memorysetup-temp-allocator-size-main=16777216"
    "memorysetup-job-temp-allocator-block-size=2097152"
    "memorysetup-job-temp-allocator-block-size-background=1048576"
    "memorysetup-job-temp-allocator-reduction-small-platforms=262144"
    "memorysetup-temp-allocator-size-background-worker=32768"
    "memorysetup-temp-allocator-size-job-worker=262144"
    "memorysetup-temp-allocator-size-preload-manager=33554432"
    "memorysetup-temp-allocator-size-nav-mesh-worker=65536"
    "memorysetup-temp-allocator-size-audio-worker=65536"
    "memorysetup-temp-allocator-size-cloud-worker=32768"
    "memorysetup-temp-allocator-size-gi-baking-worker=262144"
    "memorysetup-temp-allocator-size-gfx=262144"
Refreshing native plugins compatible for Editor in 115.33 ms, found 3 plugins.
Preloading 1 native plugins for Editor in 7.22 ms.
Initialize engine version: 2021.3.1f1 (3b70a0754835)
[Subsystems] Discovering subsystems at path /Applications/Unity/Hub/Editor/2021.3.1f1/Unity.app/Contents/Resources/UnitySubsystems
[Subsystems] Discovering subsystems at path /Users/felg/Library/Mobile Documents/com~apple~CloudDocs/UMN MSDR/UMNVR/Photogrammetry Demo/Assets
GfxDevice: creating device client; threaded=0; jobified=0
LG HDR 4K preferred device: AMD Radeon Pro 5300M (high power)
Metal devices available: 2
0: AMD Radeon Pro 5300M (high power)
1: Intel(R) UHD Graphics 630 (low power)
Using device AMD Radeon Pro 5300M (high power)
Initializing Metal device caps: AMD Radeon Pro 5300M
Initialize mono
Mono path[0] = '/Applications/Unity/Hub/Editor/2021.3.1f1/Unity.app/Contents/Managed'
Mono path[1] = '/Applications/Unity/Hub/Editor/2021.3.1f1/Unity.app/Contents/MonoBleedingEdge/lib/mono/unityjit-macos'
Mono config path = '/Applications/Unity/Hub/Editor/2021.3.1f1/Unity.app/Contents/MonoBleedingEdge/etc'
Using monoOptions --debugger-agent=transport=dt_socket,embedding=1,server=y,suspend=n,address=127.0.0.1:56084
Begin MonoManager ReloadAssembly
Registering precompiled unity dll's ...
Register platform support module: /Applications/Unity/Hub/Editor/2021.3.1f1/Unity.app/Contents/PlaybackEngines/MacStandaloneSupport/UnityEditor.OSXStandalone.Extensions.dll
Register platform support module: /Applications/Unity/Hub/Editor/2021.3.1f1/PlaybackEngines/AndroidPlayer/UnityEditor.Android.Extensions.dll
Registered in 0.002292 seconds.
Native extension for Android target not found
WARNING: RGBA Compressed ASTC6X6 sRGB format is not supported, decompressing texture
Native extension for OSXStandalone target not found
Refreshing native plugins compatible for Editor in 91.84 ms, found 3 plugins.
Preloading 1 native plugins for Editor in 0.29 ms.
Mono: successfully reloaded assembly
- Completed reload, in  0.963 seconds
Domain Reload Profiling:
	ReloadAssembly (963ms)
		BeginReloadAssembly (156ms)
			ExecutionOrderSort (0ms)
			DisableScriptedObjects (0ms)
			BackupInstance (0ms)
			ReleaseScriptingObjects (0ms)
			CreateAndSetChildDomain (1ms)
		EndReloadAssembly (660ms)
			LoadAssemblies (157ms)
			RebuildTransferFunctionScriptingTraits (0ms)
			SetupTypeCache (181ms)
			ReleaseScriptCaches (0ms)
			RebuildScriptCaches (47ms)
			SetupLoadedEditorAssemblies (360ms)
				LogAssemblyErrors (0ms)
				InitializePlatformSupportModulesInManaged (97ms)
				SetLoadedEditorAssemblies (0ms)
				RefreshPlugins (92ms)
				BeforeProcessingInitializeOnLoad (1ms)
				ProcessInitializeOnLoadAttributes (111ms)
				ProcessInitializeOnLoadMethodAttributes (58ms)
				AfterProcessingInitializeOnLoad (0ms)
				EditorAssembliesLoaded (0ms)
			ExecutionOrderSort2 (0ms)
			AwakeInstancesAfterBackupRestoration (0ms)
Platform modules already initialized, skipping
Registering precompiled user dll's ...
Registered in 0.008321 seconds.
Begin MonoManager ReloadAssembly
Symbol file LoadedFromMemory doesn't match image /Users/felg/Library/Mobile Documents/com~apple~CloudDocs/UMN MSDR/UMNVR/Photogrammetry Demo/Library/PackageCache/com.unity.visualscripting@1.7.6/Editor/VisualScripting.Core/Dependencies/DotNetZip/Unity.VisualScripting.IonicZip.dll
Symbol file LoadedFromMemory doesn't match image /Users/felg/Library/Mobile Documents/com~apple~CloudDocs/UMN MSDR/UMNVR/Photogrammetry Demo/Library/PackageCache/com.unity.visualscripting@1.7.6/Editor/VisualScripting.Core/Dependencies/YamlDotNet/Unity.VisualScripting.YamlDotNet.dll
Symbol file LoadedFromMemory is not a mono symbol file
Native extension for Android target not found
Native extension for OSXStandalone target not found
Refreshing native plugins compatible for Editor in 119.70 ms, found 3 plugins.
Preloading 1 native plugins for Editor in 0.27 ms.
Package Manager log level set to [2]
Mono: successfully reloaded assembly
- Completed reload, in  1.624 seconds
Domain Reload Profiling:
	ReloadAssembly (1625ms)
		BeginReloadAssembly (257ms)
			ExecutionOrderSort (0ms)
			DisableScriptedObjects (9ms)
			BackupInstance (0ms)
			ReleaseScriptingObjects (0ms)
			CreateAndSetChildDomain (144ms)
		EndReloadAssembly (1227ms)
			LoadAssemblies (143ms)
			RebuildTransferFunctionScriptingTraits (0ms)
			SetupTypeCache (317ms)
			ReleaseScriptCaches (5ms)
			RebuildScriptCaches (77ms)
			SetupLoadedEditorAssemblies (620ms)
				LogAssemblyErrors (0ms)
				InitializePlatformSupportModulesInManaged (18ms)
				SetLoadedEditorAssemblies (0ms)
				RefreshPlugins (120ms)
				BeforeProcessingInitializeOnLoad (101ms)
				ProcessInitializeOnLoadAttributes (347ms)
				ProcessInitializeOnLoadMethodAttributes (32ms)
				AfterProcessingInitializeOnLoad (1ms)
				EditorAssembliesLoaded (0ms)
			ExecutionOrderSort2 (0ms)
			AwakeInstancesAfterBackupRestoration (7ms)
Platform modules already initialized, skipping
========================================================================
Worker process is ready to serve import requests
Launching external process: /Applications/Unity/Hub/Editor/2021.3.1f1/Unity.app/Contents/Tools/UnityShaderCompiler
Launched and connected shader compiler UnityShaderCompiler after 0.07 seconds
Refreshing native plugins compatible for Editor in 0.82 ms, found 3 plugins.
Preloading 1 native plugins for Editor in 0.31 ms.
Unloading 3955 Unused Serialized files (Serialized files now loaded: 0)
Unloading 42 unused Assets / (45.2 KB). Loaded Objects now: 4405.
Memory consumption went from 281.0 MB to 280.9 MB.
Total: 4.889140 ms (FindLiveObjects: 0.392850 ms CreateObjectMapping: 0.273789 ms MarkObjects: 4.112228 ms  DeleteObjects: 0.109247 ms)

AssetImportParameters requested are different than current active one (requested -> active):
  custom:video-decoder-ogg-theora: a1e56fd34408186e4bbccfd4996cb3dc -> 
  custom:container-muxer-webm: aa71ff27fc2769a1b78a27578f13a17b -> 
  custom:container-demuxer-webm: 4f35f7cbe854078d1ac9338744f61a02 -> 
  custom:video-encoder-webm-vp8: eb34c28f22e8b96e1ab97ce403110664 -> 
  custom:framework-osx-AVFoundation: e770b220cccbd017edd2c1fefb359320 -> 
  custom:audio-encoder-webm-vorbis: bf7c407c2cedff20999df2af8eb42d56 -> 
  custom:container-demuxer-ogg: 62fdf1f143b41e24485cea50d1cbac27 -> 
  custom:video-decoder-webm-vp8: 9c59270c3fd7afecdb556c50c9e8de78 -> 
  custom:audio-decoder-ogg-vorbis: bf7c407c2cedff20999df2af8eb42d56 -> 
========================================================================
Received Import Request.
  Time since last request: 1199.716239 seconds.
  path: Assets/Objects/Bob360 -poly/textured_0_norm_hLRup7H5.jpg
  artifactKey: Guid(ad91bf4181027484bade7dd6b271ed83) Importer(815301076,1909f56bfc062723c751e8b465ee728b)
Start importing Assets/Objects/Bob360 -poly/textured_0_norm_hLRup7H5.jpg using Guid(ad91bf4181027484bade7dd6b271ed83) Importer(815301076,1909f56bfc062723c751e8b465ee728b) WARNING: RGBA Compressed ASTC6X6 sRGB format is not supported, decompressing texture
 -> (artifact id: 'c8f488b45ecdab73b5286e03c5915dd5') in 2.982651 seconds 
========================================================================
Received Import Request.
  Time since last request: 0.000312 seconds.
  path: Assets/Objects/Bob360 -poly/textured.mtl
  artifactKey: Guid(13cc168130f5b470182179105e2f51a4) Importer(815301076,1909f56bfc062723c751e8b465ee728b)
Start importing Assets/Objects/Bob360 -poly/textured.mtl using Guid(13cc168130f5b470182179105e2f51a4) Importer(815301076,1909f56bfc062723c751e8b465ee728b)  -> (artifact id: '701ce7e678037323dd08906a3b7b1ea9') in 0.454120 seconds 
========================================================================
Received Import Request.
  Time since last request: 280.716702 seconds.
  path: Assets/Objects/Mini 2-poly/textured_0_cAhqzVVP.jpg
  artifactKey: Guid(221272e239e7b4525a439c470140df95) Importer(815301076,1909f56bfc062723c751e8b465ee728b)
Start importing Assets/Objects/Mini 2-poly/textured_0_cAhqzVVP.jpg using Guid(221272e239e7b4525a439c470140df95) Importer(815301076,1909f56bfc062723c751e8b465ee728b) WARNING: RGBA Compressed ASTC6X6 sRGB format is not supported, decompressing texture
 -> (artifact id: '1da595ad6e6d780ef5f51355f06fed07') in 0.199000 seconds 
========================================================================
Received Import Request.
  Time since last request: 0.000176 seconds.
  path: Assets/Objects/Mini 2-poly/textured_0_norm_cAhqzVVP.jpg
  artifactKey: Guid(9d3315a897cac420da23e11847faaba5) Importer(815301076,1909f56bfc062723c751e8b465ee728b)
Start importing Assets/Objects/Mini 2-poly/textured_0_norm_cAhqzVVP.jpg using Guid(9d3315a897cac420da23e11847faaba5) Importer(815301076,1909f56bfc062723c751e8b465ee728b) WARNING: RGBA Compressed ASTC6X6 sRGB format is not supported, decompressing texture
 -> (artifact id: '38365c2abf3aec4b506cc32e5a483402') in 0.198520 seconds 
========================================================================
Received Import Request.
  Time since last request: 0.000162 seconds.
  path: Assets/Objects/Mini 2-poly/textured_0_occl_cAhqzVVP.jpg
  artifactKey: Guid(5510285656a3c4a008848c6dabd38c53) Importer(815301076,1909f56bfc062723c751e8b465ee728b)
Start importing Assets/Objects/Mini 2-poly/textured_0_occl_cAhqzVVP.jpg using Guid(5510285656a3c4a008848c6dabd38c53) Importer(815301076,1909f56bfc062723c751e8b465ee728b) WARNING: RGBA Compressed ASTC6X6 sRGB format is not supported, decompressing texture
 -> (artifact id: 'ba5664b61229c66217d9de6cba66731a') in 0.149662 seconds 
========================================================================
Received Import Request.
  Time since last request: 420.916979 seconds.
  path: Assets/Objects/Robot Hand Glove-poly/textured.obj
  artifactKey: Guid(5c51d02888abf49e5858780df97ec237) Importer(815301076,1909f56bfc062723c751e8b465ee728b)
Start importing Assets/Objects/Robot Hand Glove-poly/textured.obj using Guid(5c51d02888abf49e5858780df97ec237) Importer(815301076,1909f56bfc062723c751e8b465ee728b) WARNING: RGBA Compressed ASTC6X6 sRGB format is not supported, decompressing texture
 -> (artifact id: 'c24882e2f2fe6582ba1c26f3183d858d') in 1.125200 seconds 
========================================================================
Received Import Request.
  Time since last request: 36.436991 seconds.
  path: Assets/Objects/Robot Hand-poly/textured_0_norm_oA9Myc6b.jpg
  artifactKey: Guid(30e277a3c373644059217200dd4b5cf2) Importer(815301076,1909f56bfc062723c751e8b465ee728b)
Start importing Assets/Objects/Robot Hand-poly/textured_0_norm_oA9Myc6b.jpg using Guid(30e277a3c373644059217200dd4b5cf2) Importer(815301076,1909f56bfc062723c751e8b465ee728b) WARNING: RGBA Compressed ASTC6X6 sRGB format is not supported, decompressing texture
 -> (artifact id: '5f3d7ee9beffaecc535cef06a33dadd7') in 0.116746 seconds 
========================================================================
Received Import Request.
  Time since last request: 0.000109 seconds.
  path: Assets/Objects/Robot Hand-poly/textured_0_occl_oA9Myc6b.jpg
  artifactKey: Guid(9be89571b10674779b0503ee9e54b28a) Importer(815301076,1909f56bfc062723c751e8b465ee728b)
Start importing Assets/Objects/Robot Hand-poly/textured_0_occl_oA9Myc6b.jpg using Guid(9be89571b10674779b0503ee9e54b28a) Importer(815301076,1909f56bfc062723c751e8b465ee728b) WARNING: RGBA Compressed ASTC6X6 sRGB format is not supported, decompressing texture
 -> (artifact id: '16ac6ca5c4b21b9480a43d1c69a890bb') in 0.113019 seconds 
========================================================================
Received Import Request.
  Time since last request: 362.926681 seconds.
  path: Assets/Objects/Goldy-poly/textured_0_4KDEm78e.jpg
  artifactKey: Guid(cb551b4c643d241d6b8cc8b9edca755c) Importer(815301076,1909f56bfc062723c751e8b465ee728b)
Start importing Assets/Objects/Goldy-poly/textured_0_4KDEm78e.jpg using Guid(cb551b4c643d241d6b8cc8b9edca755c) Importer(815301076,1909f56bfc062723c751e8b465ee728b) WARNING: RGBA Compressed ASTC6X6 sRGB format is not supported, decompressing texture
 -> (artifact id: 'ef2d908cc83e4c1b9fe28a1d6c112638') in 0.085647 seconds 
========================================================================
Received Import Request.
  Time since last request: 0.000064 seconds.
  path: Assets/Objects/Goldy-poly/textured_0_norm_4KDEm78e.jpg
  artifactKey: Guid(a21fda0723e9d4046b53a8f9839a8925) Importer(815301076,1909f56bfc062723c751e8b465ee728b)
Start importing Assets/Objects/Goldy-poly/textured_0_norm_4KDEm78e.jpg using Guid(a21fda0723e9d4046b53a8f9839a8925) Importer(815301076,1909f56bfc062723c751e8b465ee728b) WARNING: RGBA Compressed ASTC6X6 sRGB format is not supported, decompressing texture
 -> (artifact id: '0ee2cb2d389a1f7e97210185a13fec3d') in 0.083048 seconds 
========================================================================
Received Import Request.
  Time since last request: 8.815344 seconds.
  path: Assets/Objects/Quest 2 #16-poly/textured_0_norm_QqMLcpqo.jpg
  artifactKey: Guid(26534daf8b74c4d4f957124e7d192f5d) Importer(815301076,1909f56bfc062723c751e8b465ee728b)
Start importing Assets/Objects/Quest 2 #16-poly/textured_0_norm_QqMLcpqo.jpg using Guid(26534daf8b74c4d4f957124e7d192f5d) Importer(815301076,1909f56bfc062723c751e8b465ee728b) WARNING: RGBA Compressed ASTC6X6 sRGB format is not supported, decompressing texture
 -> (artifact id: '6d0fbb81f4c99d47858ed6f8ce5268dc') in 0.089360 seconds 
========================================================================
Received Import Request.
  Time since last request: 0.000061 seconds.
  path: Assets/Objects/Quest 2 #16-poly/textured_0_QqMLcpqo.jpg
  artifactKey: Guid(2e8ad34d7e92a4c94ae90e690c2d114b) Importer(815301076,1909f56bfc062723c751e8b465ee728b)
Start importing Assets/Objects/Quest 2 #16-poly/textured_0_QqMLcpqo.jpg using Guid(2e8ad34d7e92a4c94ae90e690c2d114b) Importer(815301076,1909f56bfc062723c751e8b465ee728b) WARNING: RGBA Compressed ASTC6X6 sRGB format is not supported, decompressing texture
 -> (artifact id: '465c171e58bc1224fb43a250c62eaf15') in 0.083078 seconds 
========================================================================
Received Import Request.
  Time since last request: 0.000079 seconds.
  path: Assets/Objects/Quest 2 #16-poly/textured_0_roughness_QqMLcpqo.jpg
  artifactKey: Guid(6237477f6f02c4886b78c04b8c109432) Importer(815301076,1909f56bfc062723c751e8b465ee728b)
Start importing Assets/Objects/Quest 2 #16-poly/textured_0_roughness_QqMLcpqo.jpg using Guid(6237477f6f02c4886b78c04b8c109432) Importer(815301076,1909f56bfc062723c751e8b465ee728b) WARNING: RGBA Compressed ASTC6X6 sRGB format is not supported, decompressing texture
 -> (artifact id: '9efd4fcff2f9648ad5f8d210cb47ab3c') in 0.062667 seconds 
========================================================================
Received Import Request.
  Time since last request: 307.089466 seconds.
  path: Assets/Objects/UMN Stone-poly/textured.obj
  artifactKey: Guid(0d5eb6876dd484e34bcb44e740e4d57c) Importer(815301076,1909f56bfc062723c751e8b465ee728b)
Start importing Assets/Objects/UMN Stone-poly/textured.obj using Guid(0d5eb6876dd484e34bcb44e740e4d57c) Importer(815301076,1909f56bfc062723c751e8b465ee728b) WARNING: RGBA Compressed ASTC6X6 sRGB format is not supported, decompressing texture
 -> (artifact id: '77bb02b74b505901a70884637fae5b3d') in 0.131568 seconds 
========================================================================
Received Import Request.
  Time since last request: 0.000181 seconds.
  path: Assets/Objects/UMN Stone-poly/textured_0_roughness_xw6EDyjN.jpg
  artifactKey: Guid(2d5b3b84344824e4cac133150aad42dc) Importer(815301076,1909f56bfc062723c751e8b465ee728b)
Start importing Assets/Objects/UMN Stone-poly/textured_0_roughness_xw6EDyjN.jpg using Guid(2d5b3b84344824e4cac133150aad42dc) Importer(815301076,1909f56bfc062723c751e8b465ee728b) WARNING: RGBA Compressed ASTC6X6 sRGB format is not supported, decompressing texture
 -> (artifact id: 'c16044d600f9f9500241e9876fa2ee9a') in 0.078469 seconds 
========================================================================
Received Import Request.
  Time since last request: 0.000092 seconds.
  path: Assets/Objects/UMN Stone-poly/textured_0_xw6EDyjN.jpg
  artifactKey: Guid(7a35d5749c8394b0f892dc2d4c387303) Importer(815301076,1909f56bfc062723c751e8b465ee728b)
Start importing Assets/Objects/UMN Stone-poly/textured_0_xw6EDyjN.jpg using Guid(7a35d5749c8394b0f892dc2d4c387303) Importer(815301076,1909f56bfc062723c751e8b465ee728b) WARNING: RGBA Compressed ASTC6X6 sRGB format is not supported, decompressing texture
 -> (artifact id: '561a9523f985e155071cdf5dfe5b9456') in 0.084024 seconds 
========================================================================
Received Import Request.
  Time since last request: 0.000096 seconds.
  path: Assets/Objects/UMN Stone-poly/textured_0_occl_xw6EDyjN.jpg
  artifactKey: Guid(46d77f536d6534834ba7527c65782ea1) Importer(815301076,1909f56bfc062723c751e8b465ee728b)
Start importing Assets/Objects/UMN Stone-poly/textured_0_occl_xw6EDyjN.jpg using Guid(46d77f536d6534834ba7527c65782ea1) Importer(815301076,1909f56bfc062723c751e8b465ee728b) WARNING: RGBA Compressed ASTC6X6 sRGB format is not supported, decompressing texture
 -> (artifact id: '923afe89817a8b63ddf5dab6032c0a52') in 0.089931 seconds 
========================================================================
Received Prepare
Refreshing native plugins compatible for Editor in 12.14 ms, found 3 plugins.
Preloading 1 native plugins for Editor in 0.45 ms.
Unloading 32 Unused Serialized files (Serialized files now loaded: 0)
Unloading 32 unused Assets / (22.9 KB). Loaded Objects now: 4450.
Memory consumption went from 218.6 MB to 218.6 MB.
Total: 5.620948 ms (FindLiveObjects: 0.416695 ms CreateObjectMapping: 0.343473 ms MarkObjects: 4.833209 ms  DeleteObjects: 0.026755 ms)

AssetImportParameters requested are different than current active one (requested -> active):
  custom:video-decoder-ogg-theora: a1e56fd34408186e4bbccfd4996cb3dc -> 
  custom:container-muxer-webm: aa71ff27fc2769a1b78a27578f13a17b -> 
  custom:container-demuxer-webm: 4f35f7cbe854078d1ac9338744f61a02 -> 
  custom:video-encoder-webm-vp8: eb34c28f22e8b96e1ab97ce403110664 -> 
  custom:framework-osx-AVFoundation: e770b220cccbd017edd2c1fefb359320 -> 
  custom:audio-encoder-webm-vorbis: bf7c407c2cedff20999df2af8eb42d56 -> 
  custom:container-demuxer-ogg: 62fdf1f143b41e24485cea50d1cbac27 -> 
  custom:video-decoder-webm-vp8: 9c59270c3fd7afecdb556c50c9e8de78 -> 
  custom:audio-decoder-ogg-vorbis: bf7c407c2cedff20999df2af8eb42d56 -> 
========================================================================
Received Prepare
Refreshing native plugins compatible for Editor in 4.12 ms, found 3 plugins.
Preloading 1 native plugins for Editor in 0.27 ms.
Unloading 32 Unused Serialized files (Serialized files now loaded: 0)
Unloading 32 unused Assets / (22.9 KB). Loaded Objects now: 4450.
Memory consumption went from 218.7 MB to 218.6 MB.
Total: 4.220299 ms (FindLiveObjects: 0.327192 ms CreateObjectMapping: 0.258389 ms MarkObjects: 3.607781 ms  DeleteObjects: 0.026135 ms)

AssetImportParameters requested are different than current active one (requested -> active):
  custom:video-decoder-ogg-theora: a1e56fd34408186e4bbccfd4996cb3dc -> 
  custom:container-muxer-webm: aa71ff27fc2769a1b78a27578f13a17b -> 
  custom:container-demuxer-webm: 4f35f7cbe854078d1ac9338744f61a02 -> 
  custom:video-encoder-webm-vp8: eb34c28f22e8b96e1ab97ce403110664 -> 
  custom:framework-osx-AVFoundation: e770b220cccbd017edd2c1fefb359320 -> 
  custom:audio-encoder-webm-vorbis: bf7c407c2cedff20999df2af8eb42d56 -> 
  custom:container-demuxer-ogg: 62fdf1f143b41e24485cea50d1cbac27 -> 
  custom:video-decoder-webm-vp8: 9c59270c3fd7afecdb556c50c9e8de78 -> 
  custom:audio-decoder-ogg-vorbis: bf7c407c2cedff20999df2af8eb42d56 -> 
